<?xml version="1.0" encoding="UTF-8"?>
<!-- Generated by org.testng.reporters.JUnitReportReporter -->
<testsuite hostname="Raashids-Air.ht.home" failures="0" tests="1" name="test.mortgageTest" time="10.244" errors="0" timestamp="16 Nov. 2023 20:08:09 GMT" skipped="0">
  <testcase classname="test.mortgageTest" name="calculateMortgage" time="10.244"/>
</testsuite> <!-- test.mortgageTest -->
