<?xml version="1.0" encoding="UTF-8"?>
<!-- Generated by org.testng.reporters.JUnitReportReporter -->
<testsuite hostname="Raashids-Air.ht.home" failures="0" tests="1" name="test.homePageTest" time="101.506" errors="0" timestamp="16 Nov. 2023 20:08:09 GMT" skipped="0">
  <testcase classname="test.homePageTest" name="clickNavbar" time="101.506"/>
</testsuite> <!-- test.homePageTest -->
